{
  "RSpec": {
    "coverage": {
      "/ilm/lib/ilm/version.rb": [
        1,
        1,
        null
      ],
      "/ilm/lib/ilm.rb": [
        1,
        1,
        1,
        1,
        1,
        null,
        null,
        1
      ],
      "/ilm/lib/matrix_overrides.rb": [
        1,
        1,
        null,
        null,
        1,
        1,
        6,
        6,
        6,
        6,
        null,
        null,
        null,
        null,
        null,
        6,
        null,
        null,
        1,
        6,
        null,
        null
      ],
      "/ilm/lib/string_overrides.rb": [
        null,
        1,
        1,
        0,
        null,
        null,
        null,
        null,
        null,
        null,
        1,
        0,
        0,
        0,
        null,
        null
      ],
      "/ilm/lib/class_overrides.rb": [
        null,
        1,
        1,
        0,
        null,
        null
      ],
      "/ilm/lib/numeric_overrides.rb": [
        1,
        null,
        null,
        1,
        1,
        1,
        339,
        null,
        234,
        null,
        105,
        null,
        null
      ],
      "/ilm/lib/unitwise_overrides.rb": [
        1,
        null,
        1,
        null,
        1,
        1,
        1,
        0,
        null,
        0,
        null,
        0,
        null,
        null,
        null
      ],
      "/ilm/lib/ilm/chemical/reactors/batch_reactor.rb": [
        1,
        null,
        1,
        1,
        1,
        null,
        null,
        1,
        1,
        3,
        3,
        null,
        null,
        null,
        null,
        null
      ],
      "/ilm/lib/ilm/chemical/reactors/reactor.rb": [
        1,
        1,
        1,
        null,
        1,
        1,
        null,
        null,
        null,
        1,
        17,
        17,
        15,
        15,
        15,
        null,
        null,
        1,
        19,
        null,
        null,
        1,
        4,
        null,
        null,
        1,
        3,
        null,
        null,
        1,
        3,
        null,
        null,
        1,
        3,
        null,
        null,
        1,
        null,
        1,
        4,
        3,
        2,
        null,
        null,
        1,
        6,
        6,
        null,
        6,
        6,
        null,
        0,
        null,
        null,
        1,
        6,
        null,
        null,
        1,
        null,
        null,
        null,
        null,
        null,
        3,
        null,
        1,
        null,
        null,
        null,
        null,
        null
      ],
      "/ilm/spec/ilm/chemical/reactors/cstr_spec.rb": [
        1,
        1,
        1,
        null,
        null,
        1,
        1,
        1,
        1,
        1,
        1,
        1,
        1,
        1,
        null,
        null,
        null
      ],
      "/ilm/lib/ilm/chemical/reactors/continuous_stirred_tank_reactor.rb": [
        1,
        null,
        1,
        1,
        1,
        null,
        1,
        1,
        1,
        null,
        null,
        1,
        null,
        1,
        1,
        1,
        1,
        1,
        1,
        1,
        1,
        null,
        null,
        1,
        0,
        null,
        null,
        null,
        null,
        null
      ],
      "/ilm/lib/ilm/chemistry.rb": [
        10,
        null,
        1,
        null,
        null,
        1,
        null,
        null
      ],
      "/ilm/lib/ilm/chemistry/element.rb": [
        1,
        null,
        1,
        1,
        null,
        null,
        1,
        1,
        null,
        1,
        null,
        1,
        null,
        1,
        109,
        109,
        109,
        109,
        null,
        null,
        1,
        109,
        null,
        null,
        1,
        2,
        null,
        null,
        1,
        14,
        null,
        null,
        1,
        1,
        null,
        null,
        1,
        9,
        null,
        null,
        1,
        null,
        1,
        84,
        84,
        83,
        83,
        83,
        82,
        82,
        null,
        null,
        1,
        83,
        null,
        null,
        682,
        null,
        1,
        null,
        null,
        1,
        84,
        84,
        null,
        null,
        1,
        null,
        null,
        null
      ],
      "/ilm/lib/ilm/chemistry/nucleus.rb": [
        1,
        1,
        null,
        1,
        1,
        null,
        1,
        86,
        86,
        null,
        86,
        86,
        null,
        null,
        1,
        9,
        null,
        null,
        null,
        1,
        9,
        null,
        null,
        null,
        1,
        null,
        1,
        86,
        86,
        162,
        null,
        null,
        1,
        86,
        86,
        137,
        null,
        null,
        null,
        null
      ],
      "/ilm/lib/ilm/chemistry/compound.rb": [
        1,
        1,
        null,
        null,
        1,
        null,
        1,
        null,
        1,
        null,
        1,
        30,
        30,
        30,
        null,
        null,
        1,
        null,
        1,
        30,
        30,
        59,
        null,
        30,
        null,
        null,
        1,
        30,
        30,
        59,
        null,
        null,
        null,
        null,
        30,
        null,
        null,
        1,
        93,
        122,
        122,
        100,
        null,
        22,
        63,
        63,
        null,
        null,
        null,
        93,
        null,
        null,
        1,
        122,
        122,
        null,
        null,
        null,
        null
      ],
      "/ilm/lib/ilm/chemistry/neutron.rb": [
        null,
        null,
        1,
        1,
        null,
        1,
        1,
        null,
        1,
        1,
        null,
        1,
        71,
        null,
        null,
        1,
        8,
        null,
        null,
        1,
        4,
        null,
        null,
        1,
        4,
        null,
        null,
        null,
        null
      ],
      "/ilm/lib/ilm/chemistry/electron.rb": [
        1,
        1,
        null,
        1,
        1,
        null,
        1,
        1,
        1,
        null,
        1,
        51,
        51,
        null,
        null,
        1,
        6,
        null,
        null,
        1,
        6,
        null,
        null,
        1,
        6,
        null,
        null,
        null,
        null
      ],
      "/ilm/lib/ilm/chemistry/substance.rb": [
        1,
        1,
        null,
        1,
        1,
        1,
        4,
        13,
        4,
        9,
        null,
        null,
        null,
        null,
        null,
        null,
        null,
        null
      ],
      "/ilm/lib/ilm/chemistry/reaction.rb": [
        1,
        1,
        null,
        null,
        1,
        1,
        null,
        null,
        1,
        null,
        null,
        null,
        null,
        1,
        null,
        6,
        6,
        6,
        6,
        6,
        6,
        null,
        null,
        1,
        null,
        1,
        6,
        2,
        null,
        null,
        null,
        null,
        4,
        4,
        null,
        null,
        null,
        1,
        6,
        6,
        6,
        6,
        12,
        12,
        18,
        null,
        null,
        6,
        null,
        null,
        1,
        18,
        18,
        18,
        18,
        18,
        null,
        18,
        null,
        18,
        null,
        null,
        null,
        null,
        null,
        1,
        0,
        0,
        0,
        0,
        0,
        0,
        null,
        null,
        null,
        0,
        null,
        null,
        1,
        6,
        6,
        12,
        12,
        18,
        33,
        null,
        null,
        null,
        6,
        null,
        null,
        1,
        18,
        null,
        null,
        1,
        18,
        null,
        null,
        1,
        6,
        6,
        9,
        null,
        6,
        null,
        null,
        1,
        16,
        16,
        32,
        32,
        58,
        31,
        null,
        null,
        27,
        null,
        null,
        null,
        16,
        null,
        null,
        1,
        6,
        6,
        16,
        null,
        6,
        null,
        null,
        1,
        6,
        6,
        6,
        24,
        null,
        null,
        1,
        6,
        6,
        6,
        6,
        12,
        18,
        18,
        18,
        18,
        null,
        12,
        null,
        6,
        null,
        null,
        null,
        null
      ],
      "/ilm/lib/ilm/chemistry/atom.rb": [
        1,
        1,
        null,
        1,
        1,
        null,
        1,
        52,
        null,
        52,
        52,
        52,
        null,
        52,
        52,
        null,
        null,
        1,
        5,
        null,
        null,
        1,
        5,
        null,
        null,
        1,
        5,
        null,
        null,
        1,
        null,
        1,
        52,
        73,
        null,
        null,
        null,
        null
      ],
      "/ilm/lib/ilm/chemistry/proton.rb": [
        1,
        1,
        null,
        1,
        1,
        null,
        1,
        1,
        null,
        1,
        96,
        null,
        null,
        1,
        8,
        null,
        null,
        1,
        4,
        null,
        null,
        1,
        4,
        null,
        null,
        null,
        null
      ],
      "/ilm/spec/ilm/chemical/reactors/reactor_spec.rb": [
        1,
        null,
        1,
        1,
        null,
        null,
        null,
        null,
        null,
        1,
        1,
        null,
        1,
        1,
        1,
        1,
        2,
        null,
        2,
        null,
        null,
        1,
        1,
        1,
        null,
        1,
        1,
        1,
        2,
        null,
        null,
        null,
        null,
        null,
        null,
        null,
        null,
        null,
        null,
        null,
        null,
        null,
        null,
        null,
        null,
        null,
        null,
        null,
        null,
        null,
        null,
        null,
        null,
        null,
        null,
        null,
        null,
        null,
        null,
        null,
        null,
        null,
        null,
        null,
        1,
        2,
        2,
        2,
        2,
        2,
        null,
        null,
        null,
        null,
        1,
        1,
        1,
        1,
        1,
        null,
        null,
        null,
        1,
        1,
        1,
        1,
        1,
        1,
        1,
        null,
        null,
        null,
        null,
        null,
        null,
        null,
        null,
        null,
        null,
        null,
        null,
        null,
        null,
        null,
        null
      ],
      "/ilm/spec/ilm/chemical/reactors_spec.rb": [
        1,
        null,
        1,
        null
      ],
      "/ilm/spec/ilm/chemistry/atom_spec.rb": [
        null,
        null,
        1,
        null,
        1,
        null,
        1,
        1,
        1,
        1,
        1,
        null,
        1,
        11,
        4,
        null,
        6,
        null,
        6,
        4,
        null,
        1,
        5,
        null,
        null,
        null,
        null,
        null,
        1,
        5,
        null,
        null,
        null,
        null,
        null,
        1,
        1,
        1,
        1,
        null,
        1,
        1,
        1,
        1,
        null,
        null,
        null,
        1,
        1,
        1,
        null,
        1,
        1,
        1,
        1,
        null,
        null,
        null,
        1,
        1,
        1,
        null,
        1,
        1,
        1,
        1,
        null,
        null,
        null,
        1,
        1,
        1,
        null,
        1,
        1,
        1,
        1,
        null,
        null,
        null,
        null,
        1,
        1,
        1,
        1,
        null,
        1,
        1,
        null,
        1,
        1,
        null,
        1,
        1,
        null,
        null,
        null,
        1,
        1,
        1,
        null,
        1,
        null,
        null,
        1,
        1,
        null,
        null,
        1,
        1,
        null,
        null,
        1,
        1,
        null,
        null,
        null,
        1,
        1,
        1,
        null,
        1,
        1,
        null,
        1,
        1,
        null,
        1,
        1,
        null,
        1,
        1,
        null,
        null,
        null
      ],
      "/ilm/spec/ilm/chemistry/compound_spec.rb": [
        1,
        null,
        1,
        1,
        1,
        1,
        null,
        null,
        null,
        1,
        1,
        null,
        null,
        1,
        1,
        1,
        1,
        1,
        null,
        null
      ],
      "/ilm/spec/ilm/chemistry/electron_spec.rb": [
        null,
        null,
        1,
        null,
        1,
        null,
        1,
        1,
        1,
        1,
        1,
        null,
        1,
        6,
        6,
        null,
        8,
        6,
        null,
        6,
        6,
        null,
        6,
        null,
        1,
        1,
        1,
        1,
        1,
        null,
        null,
        null,
        1,
        1,
        1,
        1,
        1,
        null,
        1,
        1,
        1,
        null,
        null,
        null,
        1,
        1,
        1,
        null,
        1,
        1,
        null,
        null,
        null,
        1,
        1,
        1,
        1,
        null,
        1,
        1,
        1,
        null,
        null,
        null,
        1,
        1,
        1,
        null,
        1,
        1,
        null,
        null,
        null,
        null,
        1,
        1,
        1,
        1,
        1,
        1,
        null,
        null,
        1,
        1,
        1,
        1,
        1,
        null,
        null,
        null,
        null,
        1,
        1,
        1,
        1,
        1,
        1,
        1,
        1,
        null,
        null,
        null,
        1,
        1,
        1,
        1,
        1,
        1,
        1,
        1,
        null,
        null,
        null
      ],
      "/ilm/spec/ilm/chemistry/element_spec.rb": [
        1,
        null,
        1,
        null,
        1,
        null,
        1,
        2,
        2,
        null,
        1,
        2,
        null,
        null,
        null,
        1,
        2,
        null,
        null,
        null,
        1,
        1,
        1,
        1,
        null,
        1,
        1,
        1,
        null,
        null,
        null
      ],
      "/ilm/spec/ilm/chemistry/neutron_spec.rb": [
        null,
        null,
        1,
        null,
        1,
        null,
        1,
        1,
        1,
        null,
        1,
        8,
        6,
        null,
        8,
        6,
        null,
        6,
        null,
        6,
        null,
        1,
        1,
        1,
        1,
        null,
        null,
        null,
        1,
        1,
        1,
        1,
        null,
        1,
        1,
        null,
        null,
        null,
        1,
        1,
        1,
        null,
        1,
        1,
        null,
        null,
        null,
        1,
        1,
        1,
        null,
        1,
        1,
        null,
        null,
        null,
        1,
        1,
        1,
        null,
        1,
        1,
        null,
        null,
        null,
        null,
        1,
        1,
        1,
        1,
        null,
        null,
        1,
        1,
        1,
        1,
        1,
        null,
        null,
        null,
        null,
        1,
        1,
        1,
        1,
        1,
        1,
        null,
        null,
        null,
        1,
        1,
        1,
        1,
        1,
        1,
        null,
        null,
        null
      ],
      "/ilm/spec/ilm/chemistry/nucleus_spec.rb": [
        null,
        null,
        1,
        null,
        1,
        null,
        1,
        1,
        1,
        1,
        null,
        1,
        9,
        6,
        null,
        6,
        1,
        5,
        null,
        null,
        6,
        null,
        1,
        1,
        1,
        1,
        null,
        1,
        1,
        null,
        1,
        1,
        1,
        null,
        null,
        null,
        1,
        1,
        1,
        null,
        1,
        1,
        null,
        1,
        1,
        1,
        null,
        null,
        null,
        1,
        1,
        1,
        null,
        1,
        1,
        null,
        1,
        1,
        1,
        null,
        null,
        null,
        1,
        1,
        1,
        null,
        1,
        1,
        null,
        1,
        1,
        1,
        null,
        null,
        null,
        null,
        1,
        1,
        1,
        1,
        null,
        1,
        null,
        1,
        null,
        null,
        null,
        1,
        1,
        1,
        1,
        null,
        1,
        null,
        1,
        null,
        null,
        null
      ],
      "/ilm/spec/ilm/chemistry/proton_spec.rb": [
        null,
        null,
        1,
        null,
        1,
        null,
        1,
        1,
        1,
        null,
        1,
        8,
        6,
        null,
        8,
        6,
        null,
        6,
        null,
        6,
        null,
        1,
        1,
        1,
        1,
        null,
        null,
        null,
        1,
        1,
        1,
        1,
        null,
        1,
        1,
        null,
        null,
        null,
        1,
        1,
        1,
        null,
        1,
        1,
        null,
        null,
        null,
        1,
        1,
        1,
        null,
        1,
        1,
        null,
        null,
        null,
        1,
        1,
        1,
        null,
        1,
        1,
        null,
        null,
        null,
        null,
        1,
        1,
        1,
        1,
        null,
        null,
        1,
        1,
        1,
        1,
        1,
        null,
        null,
        null,
        null,
        1,
        1,
        1,
        1,
        1,
        1,
        null,
        null,
        null,
        1,
        1,
        1,
        1,
        1,
        1,
        null,
        null,
        null
      ],
      "/ilm/spec/ilm/chemistry/reaction_spec.rb": [
        1,
        1,
        null,
        1,
        null,
        null,
        null,
        1,
        null,
        null,
        1,
        null,
        null,
        null,
        null,
        null,
        null,
        null,
        null,
        1,
        1,
        1,
        1,
        1,
        null,
        null,
        null,
        1,
        1,
        1,
        1,
        null,
        null,
        null,
        1,
        1,
        1,
        null,
        1,
        null,
        null,
        null,
        null,
        1,
        1,
        1,
        1,
        1,
        1,
        null,
        null,
        null,
        1,
        1,
        1,
        null,
        null
      ],
      "/ilm/spec/ilm/chemistry/substance_spec.rb": [
        1,
        null,
        1,
        1,
        null,
        1,
        1,
        null,
        null,
        1,
        1,
        1,
        1,
        null,
        null,
        1,
        1,
        1,
        null,
        null
      ],
      "/ilm/spec/ilm_spec.rb": [
        1,
        null,
        1,
        1,
        1,
        null,
        null
      ]
    },
    "timestamp": 1557207885
  }
}
